D:\Angular 2\FirstAngular2Demo\FirstAngular2Demo\src\app\app.component.js
D:\Angular 2\FirstAngular2Demo\FirstAngular2Demo\src\app\app.component.js.map
D:\Angular 2\FirstAngular2Demo\FirstAngular2Demo\src\app\Employee\IEmployee.js
D:\Angular 2\FirstAngular2Demo\FirstAngular2Demo\src\app\Employee\IEmployee.js.map
D:\Angular 2\FirstAngular2Demo\FirstAngular2Demo\src\app\Employee\Employee.Service.js
D:\Angular 2\FirstAngular2Demo\FirstAngular2Demo\src\app\Employee\Employee.Service.js.map
D:\Angular 2\FirstAngular2Demo\FirstAngular2Demo\src\app\Employee\EmployeeDetails.js
D:\Angular 2\FirstAngular2Demo\FirstAngular2Demo\src\app\Employee\EmployeeDetails.js.map
D:\Angular 2\FirstAngular2Demo\FirstAngular2Demo\src\app\Employee\EployeeList.js
D:\Angular 2\FirstAngular2Demo\FirstAngular2Demo\src\app\Employee\EployeeList.js.map
D:\Angular 2\FirstAngular2Demo\FirstAngular2Demo\src\app\Home\Home.Component.js
D:\Angular 2\FirstAngular2Demo\FirstAngular2Demo\src\app\Home\Home.Component.js.map
D:\Angular 2\FirstAngular2Demo\FirstAngular2Demo\src\app\PageNotFoundComponent.js
D:\Angular 2\FirstAngular2Demo\FirstAngular2Demo\src\app\PageNotFoundComponent.js.map
D:\Angular 2\FirstAngular2Demo\FirstAngular2Demo\src\app\app.module.js
D:\Angular 2\FirstAngular2Demo\FirstAngular2Demo\src\app\app.module.js.map
D:\Angular 2\FirstAngular2Demo\FirstAngular2Demo\src\main.js
D:\Angular 2\FirstAngular2Demo\FirstAngular2Demo\src\main.js.map
D:\Angular 2\FirstAngular2Demo\FirstAngular2Demo\src\app\app.component.spec.js
D:\Angular 2\FirstAngular2Demo\FirstAngular2Demo\src\app\app.component.spec.js.map
D:\Angular 2\FirstAngular2Demo\FirstAngular2Demo\src\app\Event\EventExample.js
D:\Angular 2\FirstAngular2Demo\FirstAngular2Demo\src\app\Event\EventExample.js.map
D:\Angular 2\FirstAngular2Demo\FirstAngular2Demo\src\app\Employee\Employee.Service.Component.js
D:\Angular 2\FirstAngular2Demo\FirstAngular2Demo\src\app\Employee\Employee.Service.Component.js.map
D:\Angular 2\FirstAngular2Demo\FirstAngular2Demo\src\app\Employee\Employee.js
D:\Angular 2\FirstAngular2Demo\FirstAngular2Demo\src\app\Employee\Employee.js.map
D:\Angular 2\FirstAngular2Demo\FirstAngular2Demo\src\app\app.component.js
D:\Angular 2\FirstAngular2Demo\FirstAngular2Demo\src\app\app.component.js.map
D:\Angular 2\FirstAngular2Demo\FirstAngular2Demo\src\app\Employee\IEmployee.js
D:\Angular 2\FirstAngular2Demo\FirstAngular2Demo\src\app\Employee\IEmployee.js.map
D:\Angular 2\FirstAngular2Demo\FirstAngular2Demo\src\app\Employee\Employee.Service.js
D:\Angular 2\FirstAngular2Demo\FirstAngular2Demo\src\app\Employee\Employee.Service.js.map
D:\Angular 2\FirstAngular2Demo\FirstAngular2Demo\src\app\Employee\EmployeeDetails.js
D:\Angular 2\FirstAngular2Demo\FirstAngular2Demo\src\app\Employee\EmployeeDetails.js.map
D:\Angular 2\FirstAngular2Demo\FirstAngular2Demo\src\app\Employee\EployeeList.js
D:\Angular 2\FirstAngular2Demo\FirstAngular2Demo\src\app\Employee\EployeeList.js.map
D:\Angular 2\FirstAngular2Demo\FirstAngular2Demo\src\app\Home\Home.Component.js
D:\Angular 2\FirstAngular2Demo\FirstAngular2Demo\src\app\Home\Home.Component.js.map
D:\Angular 2\FirstAngular2Demo\FirstAngular2Demo\src\app\PageNotFoundComponent.js
D:\Angular 2\FirstAngular2Demo\FirstAngular2Demo\src\app\PageNotFoundComponent.js.map
D:\Angular 2\FirstAngular2Demo\FirstAngular2Demo\src\app\app.module.js
D:\Angular 2\FirstAngular2Demo\FirstAngular2Demo\src\app\app.module.js.map
D:\Angular 2\FirstAngular2Demo\FirstAngular2Demo\src\main.js
D:\Angular 2\FirstAngular2Demo\FirstAngular2Demo\src\main.js.map
D:\Angular 2\FirstAngular2Demo\FirstAngular2Demo\src\app\app.component.spec.js
D:\Angular 2\FirstAngular2Demo\FirstAngular2Demo\src\app\app.component.spec.js.map
D:\Angular 2\FirstAngular2Demo\FirstAngular2Demo\src\app\Event\EventExample.js
D:\Angular 2\FirstAngular2Demo\FirstAngular2Demo\src\app\Event\EventExample.js.map
D:\Angular 2\FirstAngular2Demo\FirstAngular2Demo\src\app\Employee\Employee.Service.Component.js
D:\Angular 2\FirstAngular2Demo\FirstAngular2Demo\src\app\Employee\Employee.Service.Component.js.map
D:\Angular 2\FirstAngular2Demo\FirstAngular2Demo\src\app\Employee\Employee.js
D:\Angular 2\FirstAngular2Demo\FirstAngular2Demo\src\app\Employee\Employee.js.map
D:\Angular 2\FirstAngular2Demo\FirstAngular2Demo\src\app\app.component.js
D:\Angular 2\FirstAngular2Demo\FirstAngular2Demo\src\app\app.component.js.map
D:\Angular 2\FirstAngular2Demo\FirstAngular2Demo\src\app\Employee\IEmployee.js
D:\Angular 2\FirstAngular2Demo\FirstAngular2Demo\src\app\Employee\IEmployee.js.map
D:\Angular 2\FirstAngular2Demo\FirstAngular2Demo\src\app\Employee\Employee.Service.js
D:\Angular 2\FirstAngular2Demo\FirstAngular2Demo\src\app\Employee\Employee.Service.js.map
D:\Angular 2\FirstAngular2Demo\FirstAngular2Demo\src\app\Employee\EmployeeDetails.js
D:\Angular 2\FirstAngular2Demo\FirstAngular2Demo\src\app\Employee\EmployeeDetails.js.map
D:\Angular 2\FirstAngular2Demo\FirstAngular2Demo\src\app\Employee\EployeeList.js
D:\Angular 2\FirstAngular2Demo\FirstAngular2Demo\src\app\Employee\EployeeList.js.map
D:\Angular 2\FirstAngular2Demo\FirstAngular2Demo\src\app\Home\Home.Component.js
D:\Angular 2\FirstAngular2Demo\FirstAngular2Demo\src\app\Home\Home.Component.js.map
D:\Angular 2\FirstAngular2Demo\FirstAngular2Demo\src\app\PageNotFoundComponent.js
D:\Angular 2\FirstAngular2Demo\FirstAngular2Demo\src\app\PageNotFoundComponent.js.map
D:\Angular 2\FirstAngular2Demo\FirstAngular2Demo\src\app\app.module.js
D:\Angular 2\FirstAngular2Demo\FirstAngular2Demo\src\app\app.module.js.map
D:\Angular 2\FirstAngular2Demo\FirstAngular2Demo\src\main.js
D:\Angular 2\FirstAngular2Demo\FirstAngular2Demo\src\main.js.map
D:\Angular 2\FirstAngular2Demo\FirstAngular2Demo\src\app\app.component.spec.js
D:\Angular 2\FirstAngular2Demo\FirstAngular2Demo\src\app\app.component.spec.js.map
D:\Angular 2\FirstAngular2Demo\FirstAngular2Demo\src\app\Event\EventExample.js
D:\Angular 2\FirstAngular2Demo\FirstAngular2Demo\src\app\Event\EventExample.js.map
D:\Angular 2\FirstAngular2Demo\FirstAngular2Demo\src\app\Employee\Employee.Service.Component.js
D:\Angular 2\FirstAngular2Demo\FirstAngular2Demo\src\app\Employee\Employee.Service.Component.js.map
D:\Angular 2\FirstAngular2Demo\FirstAngular2Demo\src\app\Employee\Employee.js
D:\Angular 2\FirstAngular2Demo\FirstAngular2Demo\src\app\Employee\Employee.js.map
D:\Angular 2\FirstAngular2Demo\FirstAngular2Demo\src\app\app.component.js
D:\Angular 2\FirstAngular2Demo\FirstAngular2Demo\src\app\app.component.js.map
D:\Angular 2\FirstAngular2Demo\FirstAngular2Demo\src\app\Employee\IEmployee.js
D:\Angular 2\FirstAngular2Demo\FirstAngular2Demo\src\app\Employee\IEmployee.js.map
D:\Angular 2\FirstAngular2Demo\FirstAngular2Demo\src\app\Employee\Employee.Service.js
D:\Angular 2\FirstAngular2Demo\FirstAngular2Demo\src\app\Employee\Employee.Service.js.map
D:\Angular 2\FirstAngular2Demo\FirstAngular2Demo\src\app\Employee\EmployeeDetails.js
D:\Angular 2\FirstAngular2Demo\FirstAngular2Demo\src\app\Employee\EmployeeDetails.js.map
D:\Angular 2\FirstAngular2Demo\FirstAngular2Demo\src\app\Employee\EployeeList.js
D:\Angular 2\FirstAngular2Demo\FirstAngular2Demo\src\app\Employee\EployeeList.js.map
D:\Angular 2\FirstAngular2Demo\FirstAngular2Demo\src\app\Home\Home.Component.js
D:\Angular 2\FirstAngular2Demo\FirstAngular2Demo\src\app\Home\Home.Component.js.map
D:\Angular 2\FirstAngular2Demo\FirstAngular2Demo\src\app\PageNotFoundComponent.js
D:\Angular 2\FirstAngular2Demo\FirstAngular2Demo\src\app\PageNotFoundComponent.js.map
D:\Angular 2\FirstAngular2Demo\FirstAngular2Demo\src\app\app.module.js
D:\Angular 2\FirstAngular2Demo\FirstAngular2Demo\src\app\app.module.js.map
D:\Angular 2\FirstAngular2Demo\FirstAngular2Demo\src\main.js
D:\Angular 2\FirstAngular2Demo\FirstAngular2Demo\src\main.js.map
D:\Angular 2\FirstAngular2Demo\FirstAngular2Demo\src\app\app.component.spec.js
D:\Angular 2\FirstAngular2Demo\FirstAngular2Demo\src\app\app.component.spec.js.map
D:\Angular 2\FirstAngular2Demo\FirstAngular2Demo\src\app\Event\EventExample.js
D:\Angular 2\FirstAngular2Demo\FirstAngular2Demo\src\app\Event\EventExample.js.map
D:\Angular 2\FirstAngular2Demo\FirstAngular2Demo\src\app\Employee\Employee.Service.Component.js
D:\Angular 2\FirstAngular2Demo\FirstAngular2Demo\src\app\Employee\Employee.Service.Component.js.map
D:\Angular 2\FirstAngular2Demo\FirstAngular2Demo\src\app\Employee\Employee.js
D:\Angular 2\FirstAngular2Demo\FirstAngular2Demo\src\app\Employee\Employee.js.map
D:\Angular 2\FirstAngular2Demo\FirstAngular2Demo\src\app\app.component.js
D:\Angular 2\FirstAngular2Demo\FirstAngular2Demo\src\app\app.component.js.map
D:\Angular 2\FirstAngular2Demo\FirstAngular2Demo\src\app\Employee\IEmployee.js
D:\Angular 2\FirstAngular2Demo\FirstAngular2Demo\src\app\Employee\IEmployee.js.map
D:\Angular 2\FirstAngular2Demo\FirstAngular2Demo\src\app\Employee\Employee.Service.js
D:\Angular 2\FirstAngular2Demo\FirstAngular2Demo\src\app\Employee\Employee.Service.js.map
D:\Angular 2\FirstAngular2Demo\FirstAngular2Demo\src\app\Employee\EmployeeDetails.js
D:\Angular 2\FirstAngular2Demo\FirstAngular2Demo\src\app\Employee\EmployeeDetails.js.map
D:\Angular 2\FirstAngular2Demo\FirstAngular2Demo\src\app\Employee\EployeeList.js
D:\Angular 2\FirstAngular2Demo\FirstAngular2Demo\src\app\Employee\EployeeList.js.map
D:\Angular 2\FirstAngular2Demo\FirstAngular2Demo\src\app\Home\Home.Component.js
D:\Angular 2\FirstAngular2Demo\FirstAngular2Demo\src\app\Home\Home.Component.js.map
D:\Angular 2\FirstAngular2Demo\FirstAngular2Demo\src\app\PageNotFoundComponent.js
D:\Angular 2\FirstAngular2Demo\FirstAngular2Demo\src\app\PageNotFoundComponent.js.map
D:\Angular 2\FirstAngular2Demo\FirstAngular2Demo\src\app\app.module.js
D:\Angular 2\FirstAngular2Demo\FirstAngular2Demo\src\app\app.module.js.map
D:\Angular 2\FirstAngular2Demo\FirstAngular2Demo\src\main.js
D:\Angular 2\FirstAngular2Demo\FirstAngular2Demo\src\main.js.map
D:\Angular 2\FirstAngular2Demo\FirstAngular2Demo\src\app\app.component.spec.js
D:\Angular 2\FirstAngular2Demo\FirstAngular2Demo\src\app\app.component.spec.js.map
D:\Angular 2\FirstAngular2Demo\FirstAngular2Demo\src\app\Event\EventExample.js
D:\Angular 2\FirstAngular2Demo\FirstAngular2Demo\src\app\Event\EventExample.js.map
D:\Angular 2\FirstAngular2Demo\FirstAngular2Demo\src\app\Employee\Employee.Service.Component.js
D:\Angular 2\FirstAngular2Demo\FirstAngular2Demo\src\app\Employee\Employee.Service.Component.js.map
D:\Angular 2\FirstAngular2Demo\FirstAngular2Demo\src\app\Employee\Employee.js
D:\Angular 2\FirstAngular2Demo\FirstAngular2Demo\src\app\Employee\Employee.js.map
D:\Angular 2\FirstAngular2Demo\FirstAngular2Demo\src\app\app.component.js
D:\Angular 2\FirstAngular2Demo\FirstAngular2Demo\src\app\app.component.js.map
D:\Angular 2\FirstAngular2Demo\FirstAngular2Demo\src\app\Employee\IEmployee.js
D:\Angular 2\FirstAngular2Demo\FirstAngular2Demo\src\app\Employee\IEmployee.js.map
D:\Angular 2\FirstAngular2Demo\FirstAngular2Demo\src\app\Employee\Employee.Service.js
D:\Angular 2\FirstAngular2Demo\FirstAngular2Demo\src\app\Employee\Employee.Service.js.map
D:\Angular 2\FirstAngular2Demo\FirstAngular2Demo\src\app\Employee\EmployeeDetails.js
D:\Angular 2\FirstAngular2Demo\FirstAngular2Demo\src\app\Employee\EmployeeDetails.js.map
D:\Angular 2\FirstAngular2Demo\FirstAngular2Demo\src\app\Employee\Employee.js
D:\Angular 2\FirstAngular2Demo\FirstAngular2Demo\src\app\Employee\Employee.js.map
D:\Angular 2\FirstAngular2Demo\FirstAngular2Demo\src\app\Employee\EployeeList.js
D:\Angular 2\FirstAngular2Demo\FirstAngular2Demo\src\app\Employee\EployeeList.js.map
D:\Angular 2\FirstAngular2Demo\FirstAngular2Demo\src\app\Home\Home.Component.js
D:\Angular 2\FirstAngular2Demo\FirstAngular2Demo\src\app\Home\Home.Component.js.map
D:\Angular 2\FirstAngular2Demo\FirstAngular2Demo\src\app\PageNotFoundComponent.js
D:\Angular 2\FirstAngular2Demo\FirstAngular2Demo\src\app\PageNotFoundComponent.js.map
D:\Angular 2\FirstAngular2Demo\FirstAngular2Demo\src\app\app.module.js
D:\Angular 2\FirstAngular2Demo\FirstAngular2Demo\src\app\app.module.js.map
D:\Angular 2\FirstAngular2Demo\FirstAngular2Demo\src\main.js
D:\Angular 2\FirstAngular2Demo\FirstAngular2Demo\src\main.js.map
D:\Angular 2\FirstAngular2Demo\FirstAngular2Demo\src\app\app.component.spec.js
D:\Angular 2\FirstAngular2Demo\FirstAngular2Demo\src\app\app.component.spec.js.map
D:\Angular 2\FirstAngular2Demo\FirstAngular2Demo\src\app\Event\EventExample.js
D:\Angular 2\FirstAngular2Demo\FirstAngular2Demo\src\app\Event\EventExample.js.map
D:\Angular 2\FirstAngular2Demo\FirstAngular2Demo\src\app\Employee\Employee.Service.Component.js
D:\Angular 2\FirstAngular2Demo\FirstAngular2Demo\src\app\Employee\Employee.Service.Component.js.map
D:\Angular 2\FirstAngular2Demo\FirstAngular2Demo\src\app\app.component.js
D:\Angular 2\FirstAngular2Demo\FirstAngular2Demo\src\app\app.component.js.map
D:\Angular 2\FirstAngular2Demo\FirstAngular2Demo\src\app\Employee\IEmployee.js
D:\Angular 2\FirstAngular2Demo\FirstAngular2Demo\src\app\Employee\IEmployee.js.map
D:\Angular 2\FirstAngular2Demo\FirstAngular2Demo\src\app\Employee\Employee.Service.js
D:\Angular 2\FirstAngular2Demo\FirstAngular2Demo\src\app\Employee\Employee.Service.js.map
D:\Angular 2\FirstAngular2Demo\FirstAngular2Demo\src\app\Employee\EmployeeDetails.js
D:\Angular 2\FirstAngular2Demo\FirstAngular2Demo\src\app\Employee\EmployeeDetails.js.map
D:\Angular 2\FirstAngular2Demo\FirstAngular2Demo\src\app\Employee\Employee.js
D:\Angular 2\FirstAngular2Demo\FirstAngular2Demo\src\app\Employee\Employee.js.map
D:\Angular 2\FirstAngular2Demo\FirstAngular2Demo\src\app\Employee\EployeeList.js
D:\Angular 2\FirstAngular2Demo\FirstAngular2Demo\src\app\Employee\EployeeList.js.map
D:\Angular 2\FirstAngular2Demo\FirstAngular2Demo\src\app\Home\Home.Component.js
D:\Angular 2\FirstAngular2Demo\FirstAngular2Demo\src\app\Home\Home.Component.js.map
D:\Angular 2\FirstAngular2Demo\FirstAngular2Demo\src\app\PageNotFoundComponent.js
D:\Angular 2\FirstAngular2Demo\FirstAngular2Demo\src\app\PageNotFoundComponent.js.map
D:\Angular 2\FirstAngular2Demo\FirstAngular2Demo\src\app\app.module.js
D:\Angular 2\FirstAngular2Demo\FirstAngular2Demo\src\app\app.module.js.map
D:\Angular 2\FirstAngular2Demo\FirstAngular2Demo\src\main.js
D:\Angular 2\FirstAngular2Demo\FirstAngular2Demo\src\main.js.map
D:\Angular 2\FirstAngular2Demo\FirstAngular2Demo\src\app\app.component.spec.js
D:\Angular 2\FirstAngular2Demo\FirstAngular2Demo\src\app\app.component.spec.js.map
D:\Angular 2\FirstAngular2Demo\FirstAngular2Demo\src\app\Event\EventExample.js
D:\Angular 2\FirstAngular2Demo\FirstAngular2Demo\src\app\Event\EventExample.js.map
D:\Angular 2\FirstAngular2Demo\FirstAngular2Demo\src\app\Employee\Employee.Service.Component.js
D:\Angular 2\FirstAngular2Demo\FirstAngular2Demo\src\app\Employee\Employee.Service.Component.js.map
D:\Angular 2\FirstAngular2Demo\FirstAngular2Demo\src\app\app.component.js
D:\Angular 2\FirstAngular2Demo\FirstAngular2Demo\src\app\app.component.js.map
D:\Angular 2\FirstAngular2Demo\FirstAngular2Demo\src\app\Employee\IEmployee.js
D:\Angular 2\FirstAngular2Demo\FirstAngular2Demo\src\app\Employee\IEmployee.js.map
D:\Angular 2\FirstAngular2Demo\FirstAngular2Demo\src\app\Employee\Employee.Service.js
D:\Angular 2\FirstAngular2Demo\FirstAngular2Demo\src\app\Employee\Employee.Service.js.map
D:\Angular 2\FirstAngular2Demo\FirstAngular2Demo\src\app\Employee\EmployeeDetails.js
D:\Angular 2\FirstAngular2Demo\FirstAngular2Demo\src\app\Employee\EmployeeDetails.js.map
D:\Angular 2\FirstAngular2Demo\FirstAngular2Demo\src\app\Employee\Employee.js
D:\Angular 2\FirstAngular2Demo\FirstAngular2Demo\src\app\Employee\Employee.js.map
D:\Angular 2\FirstAngular2Demo\FirstAngular2Demo\src\app\Employee\EployeeList.js
D:\Angular 2\FirstAngular2Demo\FirstAngular2Demo\src\app\Employee\EployeeList.js.map
D:\Angular 2\FirstAngular2Demo\FirstAngular2Demo\src\app\Home\Home.Component.js
D:\Angular 2\FirstAngular2Demo\FirstAngular2Demo\src\app\Home\Home.Component.js.map
D:\Angular 2\FirstAngular2Demo\FirstAngular2Demo\src\app\PageNotFoundComponent.js
D:\Angular 2\FirstAngular2Demo\FirstAngular2Demo\src\app\PageNotFoundComponent.js.map
D:\Angular 2\FirstAngular2Demo\FirstAngular2Demo\src\app\app.module.js
D:\Angular 2\FirstAngular2Demo\FirstAngular2Demo\src\app\app.module.js.map
D:\Angular 2\FirstAngular2Demo\FirstAngular2Demo\src\main.js
D:\Angular 2\FirstAngular2Demo\FirstAngular2Demo\src\main.js.map
D:\Angular 2\FirstAngular2Demo\FirstAngular2Demo\src\app\app.component.spec.js
D:\Angular 2\FirstAngular2Demo\FirstAngular2Demo\src\app\app.component.spec.js.map
D:\Angular 2\FirstAngular2Demo\FirstAngular2Demo\src\app\Event\EventExample.js
D:\Angular 2\FirstAngular2Demo\FirstAngular2Demo\src\app\Event\EventExample.js.map
D:\Angular 2\FirstAngular2Demo\FirstAngular2Demo\src\app\Employee\Employee.Service.Component.js
D:\Angular 2\FirstAngular2Demo\FirstAngular2Demo\src\app\Employee\Employee.Service.Component.js.map
D:\Angular 2\FirstAngular2Demo\FirstAngular2Demo\src\app\app.component.js
D:\Angular 2\FirstAngular2Demo\FirstAngular2Demo\src\app\app.component.js.map
D:\Angular 2\FirstAngular2Demo\FirstAngular2Demo\src\app\Employee\IEmployee.js
D:\Angular 2\FirstAngular2Demo\FirstAngular2Demo\src\app\Employee\IEmployee.js.map
D:\Angular 2\FirstAngular2Demo\FirstAngular2Demo\src\app\Employee\Employee.Service.js
D:\Angular 2\FirstAngular2Demo\FirstAngular2Demo\src\app\Employee\Employee.Service.js.map
D:\Angular 2\FirstAngular2Demo\FirstAngular2Demo\src\app\Employee\EmployeeDetails.js
D:\Angular 2\FirstAngular2Demo\FirstAngular2Demo\src\app\Employee\EmployeeDetails.js.map
D:\Angular 2\FirstAngular2Demo\FirstAngular2Demo\src\app\Employee\Employee.js
D:\Angular 2\FirstAngular2Demo\FirstAngular2Demo\src\app\Employee\Employee.js.map
D:\Angular 2\FirstAngular2Demo\FirstAngular2Demo\src\app\Employee\EployeeList.js
D:\Angular 2\FirstAngular2Demo\FirstAngular2Demo\src\app\Employee\EployeeList.js.map
D:\Angular 2\FirstAngular2Demo\FirstAngular2Demo\src\app\Home\Home.Component.js
D:\Angular 2\FirstAngular2Demo\FirstAngular2Demo\src\app\Home\Home.Component.js.map
D:\Angular 2\FirstAngular2Demo\FirstAngular2Demo\src\app\PageNotFoundComponent.js
D:\Angular 2\FirstAngular2Demo\FirstAngular2Demo\src\app\PageNotFoundComponent.js.map
D:\Angular 2\FirstAngular2Demo\FirstAngular2Demo\src\app\app.module.js
D:\Angular 2\FirstAngular2Demo\FirstAngular2Demo\src\app\app.module.js.map
D:\Angular 2\FirstAngular2Demo\FirstAngular2Demo\src\main.js
D:\Angular 2\FirstAngular2Demo\FirstAngular2Demo\src\main.js.map
D:\Angular 2\FirstAngular2Demo\FirstAngular2Demo\src\app\app.component.spec.js
D:\Angular 2\FirstAngular2Demo\FirstAngular2Demo\src\app\app.component.spec.js.map
D:\Angular 2\FirstAngular2Demo\FirstAngular2Demo\src\app\Event\EventExample.js
D:\Angular 2\FirstAngular2Demo\FirstAngular2Demo\src\app\Event\EventExample.js.map
D:\Angular 2\FirstAngular2Demo\FirstAngular2Demo\src\app\Employee\Employee.Service.Component.js
D:\Angular 2\FirstAngular2Demo\FirstAngular2Demo\src\app\Employee\Employee.Service.Component.js.map
D:\Angular 2\FirstAngular2Demo\FirstAngular2Demo\src\app\app.component.js
D:\Angular 2\FirstAngular2Demo\FirstAngular2Demo\src\app\app.component.js.map
D:\Angular 2\FirstAngular2Demo\FirstAngular2Demo\src\app\Employee\IEmployee.js
D:\Angular 2\FirstAngular2Demo\FirstAngular2Demo\src\app\Employee\IEmployee.js.map
D:\Angular 2\FirstAngular2Demo\FirstAngular2Demo\src\app\Employee\Employee.Service.js
D:\Angular 2\FirstAngular2Demo\FirstAngular2Demo\src\app\Employee\Employee.Service.js.map
D:\Angular 2\FirstAngular2Demo\FirstAngular2Demo\src\app\Employee\EmployeeDetails.js
D:\Angular 2\FirstAngular2Demo\FirstAngular2Demo\src\app\Employee\EmployeeDetails.js.map
D:\Angular 2\FirstAngular2Demo\FirstAngular2Demo\src\app\Employee\Employee.js
D:\Angular 2\FirstAngular2Demo\FirstAngular2Demo\src\app\Employee\Employee.js.map
D:\Angular 2\FirstAngular2Demo\FirstAngular2Demo\src\app\Employee\EployeeList.js
D:\Angular 2\FirstAngular2Demo\FirstAngular2Demo\src\app\Employee\EployeeList.js.map
D:\Angular 2\FirstAngular2Demo\FirstAngular2Demo\src\app\Home\Home.Component.js
D:\Angular 2\FirstAngular2Demo\FirstAngular2Demo\src\app\Home\Home.Component.js.map
D:\Angular 2\FirstAngular2Demo\FirstAngular2Demo\src\app\PageNotFoundComponent.js
D:\Angular 2\FirstAngular2Demo\FirstAngular2Demo\src\app\PageNotFoundComponent.js.map
D:\Angular 2\FirstAngular2Demo\FirstAngular2Demo\src\app\app.module.js
D:\Angular 2\FirstAngular2Demo\FirstAngular2Demo\src\app\app.module.js.map
D:\Angular 2\FirstAngular2Demo\FirstAngular2Demo\src\main.js
D:\Angular 2\FirstAngular2Demo\FirstAngular2Demo\src\main.js.map
D:\Angular 2\FirstAngular2Demo\FirstAngular2Demo\src\app\app.component.spec.js
D:\Angular 2\FirstAngular2Demo\FirstAngular2Demo\src\app\app.component.spec.js.map
D:\Angular 2\FirstAngular2Demo\FirstAngular2Demo\src\app\Event\EventExample.js
D:\Angular 2\FirstAngular2Demo\FirstAngular2Demo\src\app\Event\EventExample.js.map
D:\Angular 2\FirstAngular2Demo\FirstAngular2Demo\src\app\Employee\Employee.Service.Component.js
D:\Angular 2\FirstAngular2Demo\FirstAngular2Demo\src\app\Employee\Employee.Service.Component.js.map
D:\Angular 2\FirstAngular2Demo\FirstAngular2Demo\src\app\app.component.js
D:\Angular 2\FirstAngular2Demo\FirstAngular2Demo\src\app\app.component.js.map
D:\Angular 2\FirstAngular2Demo\FirstAngular2Demo\src\app\Employee\IEmployee.js
D:\Angular 2\FirstAngular2Demo\FirstAngular2Demo\src\app\Employee\IEmployee.js.map
D:\Angular 2\FirstAngular2Demo\FirstAngular2Demo\src\app\Employee\Employee.Service.js
D:\Angular 2\FirstAngular2Demo\FirstAngular2Demo\src\app\Employee\Employee.Service.js.map
D:\Angular 2\FirstAngular2Demo\FirstAngular2Demo\src\app\Employee\EmployeeDetails.js
D:\Angular 2\FirstAngular2Demo\FirstAngular2Demo\src\app\Employee\EmployeeDetails.js.map
D:\Angular 2\FirstAngular2Demo\FirstAngular2Demo\src\app\Employee\Employee.js
D:\Angular 2\FirstAngular2Demo\FirstAngular2Demo\src\app\Employee\Employee.js.map
D:\Angular 2\FirstAngular2Demo\FirstAngular2Demo\src\app\Employee\EployeeList.js
D:\Angular 2\FirstAngular2Demo\FirstAngular2Demo\src\app\Employee\EployeeList.js.map
D:\Angular 2\FirstAngular2Demo\FirstAngular2Demo\src\app\Home\Home.Component.js
D:\Angular 2\FirstAngular2Demo\FirstAngular2Demo\src\app\Home\Home.Component.js.map
D:\Angular 2\FirstAngular2Demo\FirstAngular2Demo\src\app\PageNotFoundComponent.js
D:\Angular 2\FirstAngular2Demo\FirstAngular2Demo\src\app\PageNotFoundComponent.js.map
D:\Angular 2\FirstAngular2Demo\FirstAngular2Demo\src\app\app.module.js
D:\Angular 2\FirstAngular2Demo\FirstAngular2Demo\src\app\app.module.js.map
D:\Angular 2\FirstAngular2Demo\FirstAngular2Demo\src\main.js
D:\Angular 2\FirstAngular2Demo\FirstAngular2Demo\src\main.js.map
D:\Angular 2\FirstAngular2Demo\FirstAngular2Demo\src\app\app.component.spec.js
D:\Angular 2\FirstAngular2Demo\FirstAngular2Demo\src\app\app.component.spec.js.map
D:\Angular 2\FirstAngular2Demo\FirstAngular2Demo\src\app\Event\EventExample.js
D:\Angular 2\FirstAngular2Demo\FirstAngular2Demo\src\app\Event\EventExample.js.map
D:\Angular 2\FirstAngular2Demo\FirstAngular2Demo\src\app\Employee\Employee.Service.Component.js
D:\Angular 2\FirstAngular2Demo\FirstAngular2Demo\src\app\Employee\Employee.Service.Component.js.map
D:\Angular 2\FirstAngular2Demo\FirstAngular2Demo\src\app\app.component.js
D:\Angular 2\FirstAngular2Demo\FirstAngular2Demo\src\app\app.component.js.map
D:\Angular 2\FirstAngular2Demo\FirstAngular2Demo\src\app\Employee\IEmployee.js
D:\Angular 2\FirstAngular2Demo\FirstAngular2Demo\src\app\Employee\IEmployee.js.map
D:\Angular 2\FirstAngular2Demo\FirstAngular2Demo\src\app\Employee\Employee.Service.js
D:\Angular 2\FirstAngular2Demo\FirstAngular2Demo\src\app\Employee\Employee.Service.js.map
D:\Angular 2\FirstAngular2Demo\FirstAngular2Demo\src\app\Employee\EmployeeDetails.js
D:\Angular 2\FirstAngular2Demo\FirstAngular2Demo\src\app\Employee\EmployeeDetails.js.map
D:\Angular 2\FirstAngular2Demo\FirstAngular2Demo\src\app\Employee\Employee.js
D:\Angular 2\FirstAngular2Demo\FirstAngular2Demo\src\app\Employee\Employee.js.map
D:\Angular 2\FirstAngular2Demo\FirstAngular2Demo\src\app\Employee\EployeeList.js
D:\Angular 2\FirstAngular2Demo\FirstAngular2Demo\src\app\Employee\EployeeList.js.map
D:\Angular 2\FirstAngular2Demo\FirstAngular2Demo\src\app\Home\Home.Component.js
D:\Angular 2\FirstAngular2Demo\FirstAngular2Demo\src\app\Home\Home.Component.js.map
D:\Angular 2\FirstAngular2Demo\FirstAngular2Demo\src\app\PageNotFoundComponent.js
D:\Angular 2\FirstAngular2Demo\FirstAngular2Demo\src\app\PageNotFoundComponent.js.map
D:\Angular 2\FirstAngular2Demo\FirstAngular2Demo\src\app\app.module.js
D:\Angular 2\FirstAngular2Demo\FirstAngular2Demo\src\app\app.module.js.map
D:\Angular 2\FirstAngular2Demo\FirstAngular2Demo\src\main.js
D:\Angular 2\FirstAngular2Demo\FirstAngular2Demo\src\main.js.map
D:\Angular 2\FirstAngular2Demo\FirstAngular2Demo\src\app\app.component.spec.js
D:\Angular 2\FirstAngular2Demo\FirstAngular2Demo\src\app\app.component.spec.js.map
D:\Angular 2\FirstAngular2Demo\FirstAngular2Demo\src\app\Event\EventExample.js
D:\Angular 2\FirstAngular2Demo\FirstAngular2Demo\src\app\Event\EventExample.js.map
D:\Angular 2\FirstAngular2Demo\FirstAngular2Demo\src\app\Employee\Employee.Service.Component.js
D:\Angular 2\FirstAngular2Demo\FirstAngular2Demo\src\app\Employee\Employee.Service.Component.js.map
D:\Angular 2\FirstAngular2Demo\FirstAngular2Demo\src\app\app.component.js
D:\Angular 2\FirstAngular2Demo\FirstAngular2Demo\src\app\app.component.js.map
D:\Angular 2\FirstAngular2Demo\FirstAngular2Demo\src\app\Employee\IEmployee.js
D:\Angular 2\FirstAngular2Demo\FirstAngular2Demo\src\app\Employee\IEmployee.js.map
D:\Angular 2\FirstAngular2Demo\FirstAngular2Demo\src\app\Employee\Employee.Service.js
D:\Angular 2\FirstAngular2Demo\FirstAngular2Demo\src\app\Employee\Employee.Service.js.map
D:\Angular 2\FirstAngular2Demo\FirstAngular2Demo\src\app\Employee\EmployeeDetails.js
D:\Angular 2\FirstAngular2Demo\FirstAngular2Demo\src\app\Employee\EmployeeDetails.js.map
D:\Angular 2\FirstAngular2Demo\FirstAngular2Demo\src\app\Employee\Employee.js
D:\Angular 2\FirstAngular2Demo\FirstAngular2Demo\src\app\Employee\Employee.js.map
D:\Angular 2\FirstAngular2Demo\FirstAngular2Demo\src\app\Employee\EployeeList.js
D:\Angular 2\FirstAngular2Demo\FirstAngular2Demo\src\app\Employee\EployeeList.js.map
D:\Angular 2\FirstAngular2Demo\FirstAngular2Demo\src\app\Home\Home.Component.js
D:\Angular 2\FirstAngular2Demo\FirstAngular2Demo\src\app\Home\Home.Component.js.map
D:\Angular 2\FirstAngular2Demo\FirstAngular2Demo\src\app\PageNotFoundComponent.js
D:\Angular 2\FirstAngular2Demo\FirstAngular2Demo\src\app\PageNotFoundComponent.js.map
D:\Angular 2\FirstAngular2Demo\FirstAngular2Demo\src\app\app.module.js
D:\Angular 2\FirstAngular2Demo\FirstAngular2Demo\src\app\app.module.js.map
D:\Angular 2\FirstAngular2Demo\FirstAngular2Demo\src\main.js
D:\Angular 2\FirstAngular2Demo\FirstAngular2Demo\src\main.js.map
D:\Angular 2\FirstAngular2Demo\FirstAngular2Demo\src\app\app.component.spec.js
D:\Angular 2\FirstAngular2Demo\FirstAngular2Demo\src\app\app.component.spec.js.map
D:\Angular 2\FirstAngular2Demo\FirstAngular2Demo\src\app\Event\EventExample.js
D:\Angular 2\FirstAngular2Demo\FirstAngular2Demo\src\app\Event\EventExample.js.map
D:\Angular 2\FirstAngular2Demo\FirstAngular2Demo\src\app\Employee\Employee.Service.Component.js
D:\Angular 2\FirstAngular2Demo\FirstAngular2Demo\src\app\Employee\Employee.Service.Component.js.map
D:\Angular 2\FirstAngular2Demo\FirstAngular2Demo\src\app\app.component.js
D:\Angular 2\FirstAngular2Demo\FirstAngular2Demo\src\app\app.component.js.map
D:\Angular 2\FirstAngular2Demo\FirstAngular2Demo\src\app\Employee\IEmployee.js
D:\Angular 2\FirstAngular2Demo\FirstAngular2Demo\src\app\Employee\IEmployee.js.map
D:\Angular 2\FirstAngular2Demo\FirstAngular2Demo\src\app\Employee\Employee.Service.js
D:\Angular 2\FirstAngular2Demo\FirstAngular2Demo\src\app\Employee\Employee.Service.js.map
D:\Angular 2\FirstAngular2Demo\FirstAngular2Demo\src\app\Employee\EmployeeDetails.js
D:\Angular 2\FirstAngular2Demo\FirstAngular2Demo\src\app\Employee\EmployeeDetails.js.map
D:\Angular 2\FirstAngular2Demo\FirstAngular2Demo\src\app\Employee\Employee.js
D:\Angular 2\FirstAngular2Demo\FirstAngular2Demo\src\app\Employee\Employee.js.map
D:\Angular 2\FirstAngular2Demo\FirstAngular2Demo\src\app\Employee\EployeeList.js
D:\Angular 2\FirstAngular2Demo\FirstAngular2Demo\src\app\Employee\EployeeList.js.map
D:\Angular 2\FirstAngular2Demo\FirstAngular2Demo\src\app\Home\Home.Component.js
D:\Angular 2\FirstAngular2Demo\FirstAngular2Demo\src\app\Home\Home.Component.js.map
D:\Angular 2\FirstAngular2Demo\FirstAngular2Demo\src\app\PageNotFoundComponent.js
D:\Angular 2\FirstAngular2Demo\FirstAngular2Demo\src\app\PageNotFoundComponent.js.map
D:\Angular 2\FirstAngular2Demo\FirstAngular2Demo\src\app\app.module.js
D:\Angular 2\FirstAngular2Demo\FirstAngular2Demo\src\app\app.module.js.map
D:\Angular 2\FirstAngular2Demo\FirstAngular2Demo\src\main.js
D:\Angular 2\FirstAngular2Demo\FirstAngular2Demo\src\main.js.map
D:\Angular 2\FirstAngular2Demo\FirstAngular2Demo\src\app\app.component.spec.js
D:\Angular 2\FirstAngular2Demo\FirstAngular2Demo\src\app\app.component.spec.js.map
D:\Angular 2\FirstAngular2Demo\FirstAngular2Demo\src\app\Event\EventExample.js
D:\Angular 2\FirstAngular2Demo\FirstAngular2Demo\src\app\Event\EventExample.js.map
D:\Angular 2\FirstAngular2Demo\FirstAngular2Demo\src\app\Employee\Employee.Service.Component.js
D:\Angular 2\FirstAngular2Demo\FirstAngular2Demo\src\app\Employee\Employee.Service.Component.js.map
D:\Angular 2\FirstAngular2Demo\FirstAngular2Demo\src\app\app.component.js
D:\Angular 2\FirstAngular2Demo\FirstAngular2Demo\src\app\app.component.js.map
D:\Angular 2\FirstAngular2Demo\FirstAngular2Demo\src\app\Employee\IEmployee.js
D:\Angular 2\FirstAngular2Demo\FirstAngular2Demo\src\app\Employee\IEmployee.js.map
D:\Angular 2\FirstAngular2Demo\FirstAngular2Demo\src\app\Employee\Employee.Service.js
D:\Angular 2\FirstAngular2Demo\FirstAngular2Demo\src\app\Employee\Employee.Service.js.map
D:\Angular 2\FirstAngular2Demo\FirstAngular2Demo\src\app\Employee\EmployeeDetails.js
D:\Angular 2\FirstAngular2Demo\FirstAngular2Demo\src\app\Employee\EmployeeDetails.js.map
D:\Angular 2\FirstAngular2Demo\FirstAngular2Demo\src\app\Employee\Employee.js
D:\Angular 2\FirstAngular2Demo\FirstAngular2Demo\src\app\Employee\Employee.js.map
D:\Angular 2\FirstAngular2Demo\FirstAngular2Demo\src\app\Employee\EployeeList.js
D:\Angular 2\FirstAngular2Demo\FirstAngular2Demo\src\app\Employee\EployeeList.js.map
D:\Angular 2\FirstAngular2Demo\FirstAngular2Demo\src\app\Home\Home.Component.js
D:\Angular 2\FirstAngular2Demo\FirstAngular2Demo\src\app\Home\Home.Component.js.map
D:\Angular 2\FirstAngular2Demo\FirstAngular2Demo\src\app\PageNotFoundComponent.js
D:\Angular 2\FirstAngular2Demo\FirstAngular2Demo\src\app\PageNotFoundComponent.js.map
D:\Angular 2\FirstAngular2Demo\FirstAngular2Demo\src\app\app.module.js
D:\Angular 2\FirstAngular2Demo\FirstAngular2Demo\src\app\app.module.js.map
D:\Angular 2\FirstAngular2Demo\FirstAngular2Demo\src\main.js
D:\Angular 2\FirstAngular2Demo\FirstAngular2Demo\src\main.js.map
D:\Angular 2\FirstAngular2Demo\FirstAngular2Demo\src\app\app.component.spec.js
D:\Angular 2\FirstAngular2Demo\FirstAngular2Demo\src\app\app.component.spec.js.map
D:\Angular 2\FirstAngular2Demo\FirstAngular2Demo\src\app\Event\EventExample.js
D:\Angular 2\FirstAngular2Demo\FirstAngular2Demo\src\app\Event\EventExample.js.map
D:\Angular 2\FirstAngular2Demo\FirstAngular2Demo\src\app\Employee\Employee.Service.Component.js
D:\Angular 2\FirstAngular2Demo\FirstAngular2Demo\src\app\Employee\Employee.Service.Component.js.map
D:\Angular 2\FirstAngular2Demo\FirstAngular2Demo\src\app\app.component.js
D:\Angular 2\FirstAngular2Demo\FirstAngular2Demo\src\app\app.component.js.map
D:\Angular 2\FirstAngular2Demo\FirstAngular2Demo\src\app\Employee\IEmployee.js
D:\Angular 2\FirstAngular2Demo\FirstAngular2Demo\src\app\Employee\IEmployee.js.map
D:\Angular 2\FirstAngular2Demo\FirstAngular2Demo\src\app\Employee\Employee.Service.js
D:\Angular 2\FirstAngular2Demo\FirstAngular2Demo\src\app\Employee\Employee.Service.js.map
D:\Angular 2\FirstAngular2Demo\FirstAngular2Demo\src\app\Employee\EmployeeDetails.js
D:\Angular 2\FirstAngular2Demo\FirstAngular2Demo\src\app\Employee\EmployeeDetails.js.map
D:\Angular 2\FirstAngular2Demo\FirstAngular2Demo\src\app\Employee\Employee.js
D:\Angular 2\FirstAngular2Demo\FirstAngular2Demo\src\app\Employee\Employee.js.map
D:\Angular 2\FirstAngular2Demo\FirstAngular2Demo\src\app\Employee\EployeeList.js
D:\Angular 2\FirstAngular2Demo\FirstAngular2Demo\src\app\Employee\EployeeList.js.map
D:\Angular 2\FirstAngular2Demo\FirstAngular2Demo\src\app\Home\Home.Component.js
D:\Angular 2\FirstAngular2Demo\FirstAngular2Demo\src\app\Home\Home.Component.js.map
D:\Angular 2\FirstAngular2Demo\FirstAngular2Demo\src\app\PageNotFoundComponent.js
D:\Angular 2\FirstAngular2Demo\FirstAngular2Demo\src\app\PageNotFoundComponent.js.map
D:\Angular 2\FirstAngular2Demo\FirstAngular2Demo\src\app\app.module.js
D:\Angular 2\FirstAngular2Demo\FirstAngular2Demo\src\app\app.module.js.map
D:\Angular 2\FirstAngular2Demo\FirstAngular2Demo\src\main.js
D:\Angular 2\FirstAngular2Demo\FirstAngular2Demo\src\main.js.map
D:\Angular 2\FirstAngular2Demo\FirstAngular2Demo\src\app\app.component.spec.js
D:\Angular 2\FirstAngular2Demo\FirstAngular2Demo\src\app\app.component.spec.js.map
D:\Angular 2\FirstAngular2Demo\FirstAngular2Demo\src\app\Event\EventExample.js
D:\Angular 2\FirstAngular2Demo\FirstAngular2Demo\src\app\Event\EventExample.js.map
D:\Angular 2\FirstAngular2Demo\FirstAngular2Demo\src\app\Employee\Employee.Service.Component.js
D:\Angular 2\FirstAngular2Demo\FirstAngular2Demo\src\app\Employee\Employee.Service.Component.js.map
D:\Angular 2\FirstAngular2Demo\FirstAngular2Demo\src\app\app.component.js
D:\Angular 2\FirstAngular2Demo\FirstAngular2Demo\src\app\app.component.js.map
D:\Angular 2\FirstAngular2Demo\FirstAngular2Demo\src\app\Employee\IEmployee.js
D:\Angular 2\FirstAngular2Demo\FirstAngular2Demo\src\app\Employee\IEmployee.js.map
D:\Angular 2\FirstAngular2Demo\FirstAngular2Demo\src\app\Employee\Employee.Service.js
D:\Angular 2\FirstAngular2Demo\FirstAngular2Demo\src\app\Employee\Employee.Service.js.map
D:\Angular 2\FirstAngular2Demo\FirstAngular2Demo\src\app\Employee\EmployeeDetails.js
D:\Angular 2\FirstAngular2Demo\FirstAngular2Demo\src\app\Employee\EmployeeDetails.js.map
D:\Angular 2\FirstAngular2Demo\FirstAngular2Demo\src\app\Employee\Employee.js
D:\Angular 2\FirstAngular2Demo\FirstAngular2Demo\src\app\Employee\Employee.js.map
D:\Angular 2\FirstAngular2Demo\FirstAngular2Demo\src\app\Employee\EployeeList.js
D:\Angular 2\FirstAngular2Demo\FirstAngular2Demo\src\app\Employee\EployeeList.js.map
D:\Angular 2\FirstAngular2Demo\FirstAngular2Demo\src\app\Home\Home.Component.js
D:\Angular 2\FirstAngular2Demo\FirstAngular2Demo\src\app\Home\Home.Component.js.map
D:\Angular 2\FirstAngular2Demo\FirstAngular2Demo\src\app\PageNotFoundComponent.js
D:\Angular 2\FirstAngular2Demo\FirstAngular2Demo\src\app\PageNotFoundComponent.js.map
D:\Angular 2\FirstAngular2Demo\FirstAngular2Demo\src\app\app.module.js
D:\Angular 2\FirstAngular2Demo\FirstAngular2Demo\src\app\app.module.js.map
D:\Angular 2\FirstAngular2Demo\FirstAngular2Demo\src\main.js
D:\Angular 2\FirstAngular2Demo\FirstAngular2Demo\src\main.js.map
D:\Angular 2\FirstAngular2Demo\FirstAngular2Demo\src\app\app.component.spec.js
D:\Angular 2\FirstAngular2Demo\FirstAngular2Demo\src\app\app.component.spec.js.map
D:\Angular 2\FirstAngular2Demo\FirstAngular2Demo\src\app\Event\EventExample.js
D:\Angular 2\FirstAngular2Demo\FirstAngular2Demo\src\app\Event\EventExample.js.map
D:\Angular 2\FirstAngular2Demo\FirstAngular2Demo\src\app\Employee\Employee.Service.Component.js
D:\Angular 2\FirstAngular2Demo\FirstAngular2Demo\src\app\Employee\Employee.Service.Component.js.map
D:\Angular 2\FirstAngular2Demo\FirstAngular2Demo\src\app\app.component.js
D:\Angular 2\FirstAngular2Demo\FirstAngular2Demo\src\app\app.component.js.map
D:\Angular 2\FirstAngular2Demo\FirstAngular2Demo\src\app\Employee\IEmployee.js
D:\Angular 2\FirstAngular2Demo\FirstAngular2Demo\src\app\Employee\IEmployee.js.map
D:\Angular 2\FirstAngular2Demo\FirstAngular2Demo\src\app\Employee\Employee.Service.js
D:\Angular 2\FirstAngular2Demo\FirstAngular2Demo\src\app\Employee\Employee.Service.js.map
D:\Angular 2\FirstAngular2Demo\FirstAngular2Demo\src\app\Employee\EmployeeDetails.js
D:\Angular 2\FirstAngular2Demo\FirstAngular2Demo\src\app\Employee\EmployeeDetails.js.map
D:\Angular 2\FirstAngular2Demo\FirstAngular2Demo\src\app\Employee\Employee.js
D:\Angular 2\FirstAngular2Demo\FirstAngular2Demo\src\app\Employee\Employee.js.map
D:\Angular 2\FirstAngular2Demo\FirstAngular2Demo\src\app\Employee\EployeeList.js
D:\Angular 2\FirstAngular2Demo\FirstAngular2Demo\src\app\Employee\EployeeList.js.map
D:\Angular 2\FirstAngular2Demo\FirstAngular2Demo\src\app\Home\Home.Component.js
D:\Angular 2\FirstAngular2Demo\FirstAngular2Demo\src\app\Home\Home.Component.js.map
D:\Angular 2\FirstAngular2Demo\FirstAngular2Demo\src\app\PageNotFoundComponent.js
D:\Angular 2\FirstAngular2Demo\FirstAngular2Demo\src\app\PageNotFoundComponent.js.map
D:\Angular 2\FirstAngular2Demo\FirstAngular2Demo\src\app\app.module.js
D:\Angular 2\FirstAngular2Demo\FirstAngular2Demo\src\app\app.module.js.map
D:\Angular 2\FirstAngular2Demo\FirstAngular2Demo\src\main.js
D:\Angular 2\FirstAngular2Demo\FirstAngular2Demo\src\main.js.map
D:\Angular 2\FirstAngular2Demo\FirstAngular2Demo\src\app\app.component.spec.js
D:\Angular 2\FirstAngular2Demo\FirstAngular2Demo\src\app\app.component.spec.js.map
D:\Angular 2\FirstAngular2Demo\FirstAngular2Demo\src\app\Event\EventExample.js
D:\Angular 2\FirstAngular2Demo\FirstAngular2Demo\src\app\Event\EventExample.js.map
D:\Angular 2\FirstAngular2Demo\FirstAngular2Demo\src\app\Employee\Employee.Service.Component.js
D:\Angular 2\FirstAngular2Demo\FirstAngular2Demo\src\app\Employee\Employee.Service.Component.js.map
D:\Angular 2\FirstAngular2Demo\FirstAngular2Demo\src\app\app.component.js
D:\Angular 2\FirstAngular2Demo\FirstAngular2Demo\src\app\app.component.js.map
D:\Angular 2\FirstAngular2Demo\FirstAngular2Demo\src\app\Employee\IEmployee.js
D:\Angular 2\FirstAngular2Demo\FirstAngular2Demo\src\app\Employee\IEmployee.js.map
D:\Angular 2\FirstAngular2Demo\FirstAngular2Demo\src\app\Employee\Employee.Service.js
D:\Angular 2\FirstAngular2Demo\FirstAngular2Demo\src\app\Employee\Employee.Service.js.map
D:\Angular 2\FirstAngular2Demo\FirstAngular2Demo\src\app\Employee\EmployeeDetails.js
D:\Angular 2\FirstAngular2Demo\FirstAngular2Demo\src\app\Employee\EmployeeDetails.js.map
D:\Angular 2\FirstAngular2Demo\FirstAngular2Demo\src\app\Employee\Employee.js
D:\Angular 2\FirstAngular2Demo\FirstAngular2Demo\src\app\Employee\Employee.js.map
D:\Angular 2\FirstAngular2Demo\FirstAngular2Demo\src\app\Employee\EployeeList.js
D:\Angular 2\FirstAngular2Demo\FirstAngular2Demo\src\app\Employee\EployeeList.js.map
D:\Angular 2\FirstAngular2Demo\FirstAngular2Demo\src\app\Home\Home.Component.js
D:\Angular 2\FirstAngular2Demo\FirstAngular2Demo\src\app\Home\Home.Component.js.map
D:\Angular 2\FirstAngular2Demo\FirstAngular2Demo\src\app\PageNotFoundComponent.js
D:\Angular 2\FirstAngular2Demo\FirstAngular2Demo\src\app\PageNotFoundComponent.js.map
D:\Angular 2\FirstAngular2Demo\FirstAngular2Demo\src\app\app.module.js
D:\Angular 2\FirstAngular2Demo\FirstAngular2Demo\src\app\app.module.js.map
D:\Angular 2\FirstAngular2Demo\FirstAngular2Demo\src\main.js
D:\Angular 2\FirstAngular2Demo\FirstAngular2Demo\src\main.js.map
D:\Angular 2\FirstAngular2Demo\FirstAngular2Demo\src\app\app.component.spec.js
D:\Angular 2\FirstAngular2Demo\FirstAngular2Demo\src\app\app.component.spec.js.map
D:\Angular 2\FirstAngular2Demo\FirstAngular2Demo\src\app\Event\EventExample.js
D:\Angular 2\FirstAngular2Demo\FirstAngular2Demo\src\app\Event\EventExample.js.map
D:\Angular 2\FirstAngular2Demo\FirstAngular2Demo\src\app\Employee\Employee.Service.Component.js
D:\Angular 2\FirstAngular2Demo\FirstAngular2Demo\src\app\Employee\Employee.Service.Component.js.map
D:\Angular 2\FirstAngular2Demo\FirstAngular2Demo\src\app\app.component.js
D:\Angular 2\FirstAngular2Demo\FirstAngular2Demo\src\app\app.component.js.map
D:\Angular 2\FirstAngular2Demo\FirstAngular2Demo\src\app\Employee\IEmployee.js
D:\Angular 2\FirstAngular2Demo\FirstAngular2Demo\src\app\Employee\IEmployee.js.map
D:\Angular 2\FirstAngular2Demo\FirstAngular2Demo\src\app\Employee\Employee.Service.js
D:\Angular 2\FirstAngular2Demo\FirstAngular2Demo\src\app\Employee\Employee.Service.js.map
D:\Angular 2\FirstAngular2Demo\FirstAngular2Demo\src\app\Employee\EmployeeDetails.js
D:\Angular 2\FirstAngular2Demo\FirstAngular2Demo\src\app\Employee\EmployeeDetails.js.map
D:\Angular 2\FirstAngular2Demo\FirstAngular2Demo\src\app\Employee\Employee.js
D:\Angular 2\FirstAngular2Demo\FirstAngular2Demo\src\app\Employee\Employee.js.map
D:\Angular 2\FirstAngular2Demo\FirstAngular2Demo\src\app\Employee\EployeeList.js
D:\Angular 2\FirstAngular2Demo\FirstAngular2Demo\src\app\Employee\EployeeList.js.map
D:\Angular 2\FirstAngular2Demo\FirstAngular2Demo\src\app\Home\Home.Component.js
D:\Angular 2\FirstAngular2Demo\FirstAngular2Demo\src\app\Home\Home.Component.js.map
D:\Angular 2\FirstAngular2Demo\FirstAngular2Demo\src\app\PageNotFoundComponent.js
D:\Angular 2\FirstAngular2Demo\FirstAngular2Demo\src\app\PageNotFoundComponent.js.map
D:\Angular 2\FirstAngular2Demo\FirstAngular2Demo\src\app\app.module.js
D:\Angular 2\FirstAngular2Demo\FirstAngular2Demo\src\app\app.module.js.map
D:\Angular 2\FirstAngular2Demo\FirstAngular2Demo\src\main.js
D:\Angular 2\FirstAngular2Demo\FirstAngular2Demo\src\main.js.map
D:\Angular 2\FirstAngular2Demo\FirstAngular2Demo\src\app\app.component.spec.js
D:\Angular 2\FirstAngular2Demo\FirstAngular2Demo\src\app\app.component.spec.js.map
D:\Angular 2\FirstAngular2Demo\FirstAngular2Demo\src\app\Event\EventExample.js
D:\Angular 2\FirstAngular2Demo\FirstAngular2Demo\src\app\Event\EventExample.js.map
D:\Angular 2\FirstAngular2Demo\FirstAngular2Demo\src\app\Employee\Employee.Service.Component.js
D:\Angular 2\FirstAngular2Demo\FirstAngular2Demo\src\app\Employee\Employee.Service.Component.js.map
D:\Angular 2\FirstAngular2Demo\FirstAngular2Demo\src\app\app.component.js
D:\Angular 2\FirstAngular2Demo\FirstAngular2Demo\src\app\app.component.js.map
D:\Angular 2\FirstAngular2Demo\FirstAngular2Demo\src\app\Employee\IEmployee.js
D:\Angular 2\FirstAngular2Demo\FirstAngular2Demo\src\app\Employee\IEmployee.js.map
D:\Angular 2\FirstAngular2Demo\FirstAngular2Demo\src\app\Employee\Employee.Service.js
D:\Angular 2\FirstAngular2Demo\FirstAngular2Demo\src\app\Employee\Employee.Service.js.map
D:\Angular 2\FirstAngular2Demo\FirstAngular2Demo\src\app\Employee\EmployeeDetails.js
D:\Angular 2\FirstAngular2Demo\FirstAngular2Demo\src\app\Employee\EmployeeDetails.js.map
D:\Angular 2\FirstAngular2Demo\FirstAngular2Demo\src\app\Employee\Employee.js
D:\Angular 2\FirstAngular2Demo\FirstAngular2Demo\src\app\Employee\Employee.js.map
D:\Angular 2\FirstAngular2Demo\FirstAngular2Demo\src\app\Employee\EployeeList.js
D:\Angular 2\FirstAngular2Demo\FirstAngular2Demo\src\app\Employee\EployeeList.js.map
D:\Angular 2\FirstAngular2Demo\FirstAngular2Demo\src\app\Home\Home.Component.js
D:\Angular 2\FirstAngular2Demo\FirstAngular2Demo\src\app\Home\Home.Component.js.map
D:\Angular 2\FirstAngular2Demo\FirstAngular2Demo\src\app\PageNotFoundComponent.js
D:\Angular 2\FirstAngular2Demo\FirstAngular2Demo\src\app\PageNotFoundComponent.js.map
D:\Angular 2\FirstAngular2Demo\FirstAngular2Demo\src\app\app.module.js
D:\Angular 2\FirstAngular2Demo\FirstAngular2Demo\src\app\app.module.js.map
D:\Angular 2\FirstAngular2Demo\FirstAngular2Demo\src\main.js
D:\Angular 2\FirstAngular2Demo\FirstAngular2Demo\src\main.js.map
D:\Angular 2\FirstAngular2Demo\FirstAngular2Demo\src\app\app.component.spec.js
D:\Angular 2\FirstAngular2Demo\FirstAngular2Demo\src\app\app.component.spec.js.map
D:\Angular 2\FirstAngular2Demo\FirstAngular2Demo\src\app\Event\EventExample.js
D:\Angular 2\FirstAngular2Demo\FirstAngular2Demo\src\app\Event\EventExample.js.map
D:\Angular 2\FirstAngular2Demo\FirstAngular2Demo\src\app\Employee\Employee.Service.Component.js
D:\Angular 2\FirstAngular2Demo\FirstAngular2Demo\src\app\Employee\Employee.Service.Component.js.map
